<?xml version="1.0" encoding="UTF-8"?>
<!-- Generated by org.testng.reporters.JUnitReportReporter -->
<testsuite hostname="DESKTOP-6AL119N" failures="0" tests="1" name="TestCases.ShopPage" time="5.824" errors="0" timestamp="2022-02-06T11:56:28 CST" skipped="0">
  <testcase classname="TestCases.ShopPage" name="TC4_shopping_cart_item_validation" time="5.824"/>
  <system-out/>
</testsuite> <!-- TestCases.ShopPage -->
