<?xml version="1.0" encoding="UTF-8"?>
<!-- Generated by org.testng.reporters.JUnitReportReporter -->
<testsuite hostname="DESKTOP-6AL119N" failures="0" tests="3" name="TestCases.ContactPage" time="55.861" errors="0" timestamp="2022-02-06T11:56:28 CST" skipped="0">
  <testcase classname="TestCases.ContactPage" name="TC1_mandatory_field_error_validation" time="32.955"/>
  <system-out/>
  <testcase classname="TestCases.ContactPage" name="TC3_invalid_field_input_validation" time="5.253"/>
  <system-out/>
  <testcase classname="TestCases.ContactPage" name="TC2_successful_feedback_submission_validation" time="17.653"/>
  <system-out/>
</testsuite> <!-- TestCases.ContactPage -->
